TN:
SF:src/app.js
FNF:0
FNH:0
DA:1,1
DA:2,1
DA:3,1
DA:4,1
DA:5,1
DA:6,1
DA:7,1
DA:8,1
DA:9,1
DA:10,1
DA:11,1
DA:13,1
DA:15,1
DA:16,1
DA:17,1
DA:18,1
DA:19,1
DA:20,1
DA:21,1
DA:23,1
DA:24,1
DA:26,1
DA:27,1
DA:28,1
DA:29,1
DA:30,1
DA:32,1
DA:34,1
LF:28
LH:28
BRF:0
BRH:0
end_of_record
TN:
SF:src/db.js
FN:19,load
FN:35,save
FN:40,getTableConfig
FN:45,findAll
FN:50,findById
FN:56,findBy
FN:61,insert
FN:71,update
FN:82,remove
FN:92,getNextId
FN:97,reset
FNF:11
FNH:11
FNDA:38,load
FNDA:14,save
FNDA:1,getTableConfig
FNDA:11,findAll
FNDA:5,findById
FNDA:1,findBy
FNDA:12,insert
FNDA:2,update
FNDA:2,remove
FNDA:4,getNextId
FNDA:15,reset
DA:1,1
DA:2,1
DA:3,1
DA:5,1
DA:6,1
DA:8,1
DA:9,1
DA:10,1
DA:11,1
DA:12,1
DA:13,1
DA:14,1
DA:16,1
DA:17,1
DA:19,38
DA:20,38
DA:21,38
DA:22,15
DA:23,15
DA:24,15
DA:25,15
DA:26,2
DA:27,2
DA:28,15
DA:29,4
DA:30,4
DA:31,15
DA:32,3
DA:33,3
DA:35,1
DA:36,14
DA:37,14
DA:38,14
DA:40,1
DA:41,1
DA:42,1
DA:43,1
DA:45,1
DA:46,11
DA:47,11
DA:48,11
DA:50,1
DA:51,5
DA:52,5
DA:53,5
DA:54,5
DA:56,1
DA:57,1
DA:58,1
DA:59,1
DA:61,1
DA:62,12
DA:63,12
DA:64,12
DA:65,12
DA:66,12
DA:67,12
DA:68,12
DA:69,12
DA:71,1
DA:72,2
DA:73,2
DA:74,2
DA:75,2
DA:76,1
DA:77,1
DA:78,1
DA:79,1
DA:80,1
DA:82,1
DA:83,2
DA:84,2
DA:85,2
DA:86,2
DA:87,1
DA:88,1
DA:89,1
DA:90,1
DA:92,1
DA:93,4
DA:94,4
DA:95,4
DA:97,1
DA:98,15
DA:99,75
DA:100,75
DA:101,15
DA:102,75
DA:103,75
DA:104,15
DA:105,15
LF:91
LH:91
BRDA:19,0,0,38
BRDA:20,1,0,35
BRDA:20,2,0,3
BRDA:21,3,0,15
BRDA:25,4,0,2
BRDA:28,5,0,4
BRDA:31,6,0,3
BRDA:29,7,0,7
BRDA:35,8,0,14
BRDA:40,9,0,1
BRDA:45,10,0,11
BRDA:50,11,0,5
BRDA:53,12,0,2
BRDA:53,13,0,3
BRDA:56,14,0,1
BRDA:58,15,0,2
BRDA:61,16,0,12
BRDA:71,17,0,2
BRDA:75,18,0,1
BRDA:74,19,0,1
BRDA:82,20,0,2
BRDA:86,21,0,1
BRDA:85,22,0,1
BRDA:92,23,0,4
BRDA:97,24,0,15
BRDA:98,25,0,75
BRDA:101,26,0,75
BRF:27
BRH:27
end_of_record
TN:
SF:src/controllers/accountController.js
FN:4,create
FN:17,getAll
FN:26,getById
FN:38,getByBank
FN:50,remove
FN:66,update
FNF:6
FNH:6
FNDA:8,create
FNDA:4,getAll
FNDA:6,getById
FNDA:6,getByBank
FNDA:7,remove
FNDA:5,update
DA:1,1
DA:2,1
DA:4,1
DA:5,8
DA:6,8
DA:7,8
DA:8,6
DA:9,2
DA:10,2
DA:11,4
DA:12,6
DA:13,2
DA:14,2
DA:15,8
DA:17,1
DA:18,4
DA:19,4
DA:20,2
DA:21,2
DA:22,2
DA:23,2
DA:24,4
DA:26,1
DA:27,6
DA:28,6
DA:29,6
DA:30,2
DA:31,2
DA:32,2
DA:33,2
DA:34,2
DA:35,2
DA:36,6
DA:38,1
DA:39,6
DA:40,6
DA:41,6
DA:42,2
DA:43,2
DA:44,2
DA:45,2
DA:46,2
DA:47,2
DA:48,6
DA:50,1
DA:51,7
DA:52,7
DA:53,7
DA:54,2
DA:55,2
DA:56,7
DA:57,1
DA:58,1
DA:59,4
DA:60,2
DA:61,2
DA:62,2
DA:63,2
DA:64,7
DA:66,1
DA:67,5
DA:68,5
DA:69,5
DA:70,5
DA:71,5
DA:72,5
DA:74,5
DA:75,5
DA:76,1
DA:77,1
DA:78,3
DA:79,5
DA:80,5
DA:81,1
DA:82,1
DA:83,5
LF:76
LH:76
BRDA:4,0,0,8
BRDA:6,1,0,7
BRDA:6,2,0,6
BRDA:6,3,0,1
BRDA:7,4,0,6
BRDA:8,5,0,2
BRDA:10,6,0,4
BRDA:12,7,0,2
BRDA:17,8,0,4
BRDA:19,9,0,2
BRDA:26,10,0,6
BRDA:28,11,0,4
BRDA:29,12,0,2
BRDA:38,13,0,6
BRDA:40,14,0,4
BRDA:41,15,0,2
BRDA:50,16,0,7
BRDA:53,17,0,2
BRDA:55,18,0,5
BRDA:56,19,0,1
BRDA:56,20,0,1
BRDA:58,21,0,4
BRDA:59,22,0,2
BRDA:66,23,0,5
BRDA:70,24,0,1
BRDA:71,25,0,1
BRDA:72,26,0,1
BRDA:74,27,0,4
BRDA:75,28,0,1
BRDA:77,29,0,3
BRDA:79,30,0,2
BRDA:79,31,0,1
BRDA:80,32,0,1
BRF:33
BRH:33
end_of_record
TN:
SF:src/controllers/authController.js
FN:3,login
FN:21,register
FNF:2
FNH:2
FNDA:5,login
FNDA:6,register
DA:1,1
DA:3,1
DA:4,5
DA:5,5
DA:6,5
DA:7,2
DA:8,2
DA:10,3
DA:11,5
DA:12,1
DA:13,1
DA:15,1
DA:16,1
DA:17,1
DA:18,1
DA:19,5
DA:21,1
DA:22,6
DA:23,6
DA:24,6
DA:25,2
DA:26,2
DA:27,6
DA:28,1
DA:29,1
DA:31,3
DA:32,6
DA:33,1
DA:34,1
DA:36,1
DA:37,1
DA:38,1
DA:39,1
DA:40,6
LF:34
LH:34
BRDA:3,0,0,5
BRDA:6,1,0,4
BRDA:6,2,0,2
BRDA:8,3,0,3
BRDA:10,4,0,2
BRDA:11,5,0,1
BRDA:21,6,0,6
BRDA:24,7,0,5
BRDA:24,8,0,2
BRDA:26,9,0,4
BRDA:27,10,0,1
BRDA:29,11,0,3
BRDA:31,12,0,2
BRDA:32,13,0,1
BRF:14
BRH:14
end_of_record
TN:
SF:src/controllers/bankController.js
FN:3,create
FN:12,getAll
FN:21,getById
FNF:3
FNH:3
FNDA:4,create
FNDA:4,getAll
FNDA:6,getById
DA:1,1
DA:3,1
DA:4,4
DA:5,4
DA:6,2
DA:7,2
DA:8,2
DA:9,2
DA:10,4
DA:12,1
DA:13,4
DA:14,4
DA:15,2
DA:16,2
DA:17,2
DA:18,2
DA:19,4
DA:21,1
DA:22,6
DA:23,6
DA:24,6
DA:25,2
DA:26,2
DA:27,2
DA:28,2
DA:29,2
DA:30,2
DA:31,6
LF:28
LH:28
BRDA:3,0,0,4
BRDA:5,1,0,2
BRDA:12,2,0,4
BRDA:14,3,0,2
BRDA:21,4,0,6
BRDA:23,5,0,4
BRDA:24,6,0,2
BRF:7
BRH:7
end_of_record
TN:
SF:src/controllers/transactionController.js
FN:3,deposit
FN:12,withdraw
FN:21,transfer
FN:30,getAll
FN:39,getHistory
FN:48,getArchived
FNF:6
FNH:6
FNDA:4,deposit
FNDA:4,withdraw
FNDA:4,transfer
FNDA:2,getAll
FNDA:4,getHistory
FNDA:2,getArchived
DA:1,1
DA:3,1
DA:4,4
DA:5,4
DA:6,2
DA:7,2
DA:8,2
DA:9,2
DA:10,4
DA:12,1
DA:13,4
DA:14,4
DA:15,2
DA:16,2
DA:17,2
DA:18,2
DA:19,4
DA:21,1
DA:22,4
DA:23,4
DA:24,2
DA:25,2
DA:26,2
DA:27,2
DA:28,4
DA:30,1
DA:31,2
DA:32,2
DA:33,1
DA:34,1
DA:35,1
DA:36,1
DA:37,2
DA:39,1
DA:40,4
DA:41,4
DA:42,2
DA:43,2
DA:44,2
DA:45,2
DA:46,4
DA:48,1
DA:49,2
DA:50,2
DA:51,1
DA:52,1
DA:53,1
DA:54,1
DA:55,2
LF:49
LH:49
BRDA:3,0,0,4
BRDA:5,1,0,2
BRDA:12,2,0,4
BRDA:14,3,0,2
BRDA:21,4,0,4
BRDA:23,5,0,2
BRDA:30,6,0,2
BRDA:32,7,0,1
BRDA:39,8,0,4
BRDA:41,9,0,2
BRDA:48,10,0,2
BRDA:50,11,0,1
BRF:12
BRH:12
end_of_record
TN:
SF:src/controllers/userController.js
FN:3,getAll
FN:12,create
FN:32,remove
FNF:3
FNH:3
FNDA:2,getAll
FNDA:5,create
FNDA:4,remove
DA:1,1
DA:3,1
DA:4,2
DA:5,2
DA:6,2
DA:7,2
DA:8,1
DA:9,1
DA:10,2
DA:12,1
DA:13,5
DA:14,5
DA:15,5
DA:16,2
DA:17,2
DA:19,3
DA:20,5
DA:21,1
DA:22,1
DA:24,5
DA:25,5
DA:26,5
DA:27,5
DA:28,1
DA:29,1
DA:30,5
DA:32,1
DA:33,4
DA:34,4
DA:35,1
DA:36,1
DA:37,3
DA:38,4
DA:39,1
DA:40,1
DA:41,1
DA:42,1
DA:43,1
DA:44,1
DA:45,4
LF:40
LH:40
BRDA:3,0,0,2
BRDA:7,1,0,1
BRDA:6,2,0,1
BRDA:12,3,0,5
BRDA:15,4,0,4
BRDA:15,5,0,2
BRDA:17,6,0,3
BRDA:20,7,0,1
BRDA:22,8,0,2
BRDA:27,9,0,1
BRDA:32,10,0,4
BRDA:34,11,0,1
BRDA:36,12,0,3
BRDA:38,13,0,1
BRF:14
BRH:14
end_of_record
TN:
SF:src/middleware/auth.js
FN:3,authenticate
FN:19,adminOnly
FNF:2
FNH:2
FNDA:3,authenticate
FNDA:2,adminOnly
DA:1,1
DA:3,1
DA:4,3
DA:5,3
DA:6,1
DA:7,1
DA:9,2
DA:10,2
DA:11,3
DA:12,1
DA:13,1
DA:15,1
DA:16,1
DA:17,1
DA:19,1
DA:20,2
DA:21,1
DA:22,1
DA:23,1
DA:24,1
LF:20
LH:20
BRDA:3,0,0,3
BRDA:5,1,0,2
BRDA:5,2,0,1
BRDA:7,3,0,2
BRDA:11,4,0,1
BRDA:19,5,0,2
BRDA:20,6,0,1
BRF:7
BRH:7
end_of_record
TN:
SF:src/middleware/errorHandler.js
FN:1,errorHandler
FNF:1
FNH:1
FNDA:16,errorHandler
DA:1,16
DA:2,16
DA:4,16
DA:5,1
DA:6,1
DA:8,16
DA:9,16
DA:10,16
DA:11,16
DA:12,16
DA:14,1
LF:11
LH:11
BRDA:1,0,0,16
BRDA:4,1,0,1
BRDA:6,2,0,15
BRDA:8,3,0,9
BRDA:9,4,0,1
BRDA:10,5,0,1
BRF:6
BRH:6
end_of_record
TN:
SF:src/routes/accounts.js
FNF:0
FNH:0
DA:1,1
DA:2,1
DA:4,1
DA:6,1
DA:7,1
DA:8,1
DA:9,1
DA:10,1
DA:11,1
DA:12,1
DA:13,1
DA:14,1
DA:15,1
DA:16,1
DA:17,1
DA:18,1
DA:19,1
DA:20,1
DA:21,1
DA:22,1
DA:23,1
DA:24,1
DA:25,1
DA:26,1
DA:27,1
DA:28,1
DA:30,1
DA:31,1
DA:32,1
DA:33,1
DA:34,1
DA:35,1
DA:36,1
DA:37,1
DA:38,1
DA:39,1
DA:41,1
DA:42,1
DA:43,1
DA:44,1
DA:45,1
DA:46,1
DA:47,1
DA:48,1
DA:49,1
DA:50,1
DA:51,1
DA:52,1
DA:53,1
DA:54,1
DA:55,1
DA:56,1
DA:58,1
DA:59,1
DA:60,1
DA:61,1
DA:62,1
DA:63,1
DA:64,1
DA:65,1
DA:66,1
DA:67,1
DA:68,1
DA:69,1
DA:70,1
DA:71,1
DA:72,1
DA:73,1
DA:75,1
DA:76,1
DA:77,1
DA:78,1
DA:79,1
DA:80,1
DA:81,1
DA:82,1
DA:83,1
DA:84,1
DA:85,1
DA:86,1
DA:87,1
DA:88,1
DA:89,1
DA:90,1
DA:91,1
DA:92,1
DA:93,1
DA:94,1
DA:95,1
DA:96,1
DA:97,1
DA:98,1
DA:99,1
DA:100,1
DA:101,1
DA:103,1
DA:104,1
DA:105,1
DA:106,1
DA:107,1
DA:108,1
DA:109,1
DA:110,1
DA:111,1
DA:112,1
DA:113,1
DA:114,1
DA:115,1
DA:116,1
DA:117,1
DA:118,1
DA:120,1
LF:112
LH:112
BRF:0
BRH:0
end_of_record
TN:
SF:src/routes/auth.js
FNF:0
FNH:0
DA:1,1
DA:2,1
DA:4,1
DA:6,1
DA:7,1
DA:8,1
DA:9,1
DA:10,1
DA:11,1
DA:12,1
DA:13,1
DA:14,1
DA:15,1
DA:16,1
DA:17,1
DA:18,1
DA:19,1
DA:20,1
DA:21,1
DA:22,1
DA:23,1
DA:24,1
DA:25,1
DA:26,1
DA:28,1
DA:29,1
DA:30,1
DA:31,1
DA:32,1
DA:33,1
DA:34,1
DA:35,1
DA:36,1
DA:37,1
DA:38,1
DA:39,1
DA:40,1
DA:41,1
DA:42,1
DA:43,1
DA:44,1
DA:45,1
DA:46,1
DA:47,1
DA:48,1
DA:50,1
LF:46
LH:46
BRF:0
BRH:0
end_of_record
TN:
SF:src/routes/banks.js
FNF:0
FNH:0
DA:1,1
DA:2,1
DA:4,1
DA:6,1
DA:7,1
DA:8,1
DA:9,1
DA:10,1
DA:11,1
DA:12,1
DA:13,1
DA:14,1
DA:15,1
DA:16,1
DA:17,1
DA:18,1
DA:19,1
DA:20,1
DA:21,1
DA:22,1
DA:23,1
DA:24,1
DA:25,1
DA:26,1
DA:27,1
DA:28,1
DA:30,1
DA:31,1
DA:32,1
DA:33,1
DA:34,1
DA:35,1
DA:36,1
DA:37,1
DA:38,1
DA:39,1
DA:41,1
DA:42,1
DA:43,1
DA:44,1
DA:45,1
DA:46,1
DA:47,1
DA:48,1
DA:49,1
DA:50,1
DA:51,1
DA:52,1
DA:53,1
DA:54,1
DA:55,1
DA:56,1
DA:58,1
LF:53
LH:53
BRF:0
BRH:0
end_of_record
TN:
SF:src/routes/transactions.js
FNF:0
FNH:0
DA:1,1
DA:2,1
DA:4,1
DA:6,1
DA:7,1
DA:8,1
DA:9,1
DA:10,1
DA:11,1
DA:12,1
DA:13,1
DA:14,1
DA:15,1
DA:16,1
DA:17,1
DA:18,1
DA:19,1
DA:20,1
DA:21,1
DA:22,1
DA:23,1
DA:24,1
DA:25,1
DA:26,1
DA:27,1
DA:29,1
DA:30,1
DA:31,1
DA:32,1
DA:33,1
DA:34,1
DA:35,1
DA:36,1
DA:37,1
DA:38,1
DA:39,1
DA:40,1
DA:41,1
DA:42,1
DA:43,1
DA:44,1
DA:45,1
DA:46,1
DA:47,1
DA:48,1
DA:49,1
DA:50,1
DA:51,1
DA:53,1
DA:54,1
DA:55,1
DA:56,1
DA:57,1
DA:58,1
DA:59,1
DA:60,1
DA:61,1
DA:62,1
DA:63,1
DA:64,1
DA:65,1
DA:66,1
DA:67,1
DA:68,1
DA:69,1
DA:70,1
DA:71,1
DA:72,1
DA:73,1
DA:74,1
DA:75,1
DA:76,1
DA:78,1
DA:79,1
DA:80,1
DA:81,1
DA:82,1
DA:83,1
DA:84,1
DA:85,1
DA:86,1
DA:87,1
DA:89,1
DA:90,1
DA:91,1
DA:92,1
DA:93,1
DA:94,1
DA:95,1
DA:96,1
DA:97,1
DA:98,1
DA:99,1
DA:100,1
DA:101,1
DA:102,1
DA:103,1
DA:104,1
DA:106,1
DA:107,1
DA:108,1
DA:109,1
DA:110,1
DA:111,1
DA:112,1
DA:113,1
DA:114,1
DA:115,1
DA:117,1
LF:109
LH:109
BRF:0
BRH:0
end_of_record
TN:
SF:src/routes/users.js
FNF:0
FNH:0
DA:1,1
DA:2,1
DA:3,1
DA:5,1
DA:7,1
DA:8,1
DA:9,1
DA:11,1
LF:8
LH:8
BRF:0
BRH:0
end_of_record
TN:
SF:src/services/accountService.js
FN:3,generateAccountNumber
FN:8,create
FN:27,getAll
FN:41,getById
FN:49,getByBank
FN:63,AppError
FN:69,archiveRelatedTransactions
FN:88,remove
FN:103,update
FN:120,exists
FNF:10
FNH:10
FNDA:2,generateAccountNumber
FNDA:5,create
FNDA:5,getAll
FNDA:11,getById
FNDA:6,getByBank
FNDA:2,AppError
FNDA:5,archiveRelatedTransactions
FNDA:7,remove
FNDA:5,update
FNDA:2,exists
DA:1,1
DA:3,2
DA:4,2
DA:5,2
DA:6,2
DA:8,1
DA:9,5
DA:11,5
DA:12,5
DA:14,2
DA:15,2
DA:16,2
DA:17,2
DA:18,2
DA:19,2
DA:20,2
DA:21,2
DA:22,2
DA:23,5
DA:24,5
DA:25,5
DA:27,1
DA:28,5
DA:29,5
DA:30,4
DA:31,5
DA:32,1
DA:33,1
DA:34,4
DA:35,4
DA:36,4
DA:37,4
DA:38,4
DA:39,4
DA:41,1
DA:42,11
DA:43,11
DA:44,11
DA:45,6
DA:46,11
DA:47,11
DA:49,1
DA:50,6
DA:51,6
DA:53,3
DA:54,4
DA:55,2
DA:56,6
DA:57,1
DA:58,1
DA:59,3
DA:60,3
DA:62,1
DA:63,1
DA:64,2
DA:65,2
DA:66,2
DA:67,1
DA:69,5
DA:70,5
DA:71,5
DA:72,5
DA:73,5
DA:74,5
DA:76,2
DA:77,2
DA:78,2
DA:80,2
DA:81,2
DA:82,2
DA:83,2
DA:84,2
DA:85,2
DA:86,2
DA:88,1
DA:89,7
DA:90,7
DA:92,7
DA:93,1
DA:94,1
DA:95,1
DA:96,1
DA:97,1
DA:99,5
DA:100,5
DA:101,5
DA:103,1
DA:104,5
DA:105,5
DA:107,5
DA:108,1
DA:109,1
DA:111,3
DA:112,3
DA:113,5
DA:114,5
DA:115,5
DA:117,3
DA:118,3
DA:120,1
DA:121,2
DA:122,2
LF:102
LH:102
BRDA:3,0,0,2
BRDA:8,1,0,5
BRDA:12,2,0,2
BRDA:27,3,0,5
BRDA:29,4,0,4
BRDA:31,5,0,1
BRDA:33,6,0,4
BRDA:35,7,0,4
BRDA:37,8,0,3
BRDA:37,9,0,1
BRDA:36,10,0,4
BRDA:41,11,0,11
BRDA:43,12,0,3
BRDA:43,13,0,7
BRDA:44,14,0,2
BRDA:44,15,0,1
BRDA:44,16,0,8
BRDA:44,17,0,6
BRDA:46,18,0,5
BRDA:46,19,0,1
BRDA:49,20,0,6
BRDA:51,21,0,4
BRDA:51,22,0,2
BRDA:51,23,0,3
BRDA:54,24,0,2
BRDA:56,25,0,1
BRDA:58,26,0,3
BRDA:57,27,0,2
BRDA:59,28,0,3
BRDA:63,29,0,2
BRDA:69,30,0,5
BRDA:74,31,0,3
BRDA:74,32,0,2
BRDA:72,33,0,3
BRDA:72,34,0,2
BRDA:81,35,0,3
BRDA:81,36,0,2
BRDA:88,37,0,7
BRDA:90,38,0,1
BRDA:90,39,0,6
BRDA:92,40,0,1
BRDA:97,41,0,5
BRDA:103,42,0,5
BRDA:105,43,0,1
BRDA:105,44,0,4
BRDA:107,45,0,2
BRDA:107,46,0,1
BRDA:109,47,0,3
BRDA:113,48,0,1
BRDA:113,49,0,3
BRDA:114,50,0,1
BRDA:114,51,0,3
BRDA:115,52,0,2
BRDA:115,53,0,1
BRDA:115,54,0,3
BRDA:120,55,0,2
BRF:56
BRH:56
end_of_record
TN:
SF:src/services/authService.js
FN:6,login
FN:20,register
FN:35,verifyToken
FNF:3
FNH:3
FNDA:2,login
FNDA:2,register
FNDA:2,verifyToken
DA:1,1
DA:2,1
DA:4,1
DA:6,1
DA:7,2
DA:8,2
DA:9,2
DA:11,1
DA:12,1
DA:13,1
DA:14,1
DA:15,1
DA:17,1
DA:18,1
DA:20,1
DA:21,2
DA:22,2
DA:23,2
DA:25,1
DA:26,1
DA:27,1
DA:28,1
DA:29,1
DA:30,1
DA:32,1
DA:33,1
DA:35,1
DA:36,2
DA:37,2
DA:38,2
DA:39,1
DA:40,1
DA:41,2
LF:33
LH:33
BRDA:6,0,0,2
BRDA:9,1,0,1
BRDA:8,2,0,1
BRDA:20,3,0,2
BRDA:23,4,0,1
BRDA:22,5,0,1
BRDA:35,6,0,2
BRDA:38,7,0,1
BRF:8
BRH:8
end_of_record
TN:
SF:src/services/bankService.js
FN:4,AppError
FN:10,create
FN:26,getAll
FN:35,getById
FNF:4
FNH:4
FNDA:3,AppError
FNDA:5,create
FNDA:3,getAll
FNDA:5,getById
DA:1,1
DA:3,1
DA:4,1
DA:5,3
DA:6,3
DA:7,3
DA:8,1
DA:10,1
DA:11,5
DA:13,5
DA:14,5
DA:15,1
DA:16,1
DA:18,4
DA:19,5
DA:20,2
DA:21,2
DA:23,2
DA:24,2
DA:26,1
DA:27,3
DA:28,3
DA:29,3
DA:30,3
DA:31,3
DA:32,3
DA:33,3
DA:35,1
DA:36,5
DA:37,5
DA:38,2
DA:39,2
DA:40,2
DA:41,2
DA:42,2
DA:43,2
LF:36
LH:36
BRDA:4,0,0,3
BRDA:10,1,0,5
BRDA:14,2,0,1
BRDA:16,3,0,4
BRDA:19,4,0,2
BRDA:26,5,0,3
BRDA:29,6,0,3
BRDA:31,7,0,6
BRDA:35,8,0,5
BRDA:37,9,0,2
BRDA:41,10,0,1
BRF:11
BRH:11
end_of_record
TN:
SF:src/services/transactionService.js
FN:4,AppError
FN:10,findAccount
FN:18,validateActive
FN:27,deposit
FN:45,withdraw
FN:67,transfer
FN:95,getAll
FN:99,getArchived
FN:103,getHistory
FNF:9
FNH:9
FNDA:11,AppError
FNDA:20,findAccount
FNDA:17,validateActive
FNDA:5,deposit
FNDA:5,withdraw
FNDA:5,transfer
FNDA:1,getAll
FNDA:1,getArchived
FNDA:6,getHistory
DA:1,1
DA:3,1
DA:4,1
DA:5,11
DA:6,11
DA:7,11
DA:8,1
DA:10,20
DA:11,20
DA:12,20
DA:13,3
DA:14,3
DA:15,17
DA:16,17
DA:18,17
DA:19,17
DA:20,2
DA:21,2
DA:22,2
DA:23,2
DA:24,2
DA:25,17
DA:27,1
DA:28,5
DA:29,5
DA:30,5
DA:32,5
DA:33,5
DA:35,5
DA:36,5
DA:37,5
DA:38,5
DA:39,5
DA:40,5
DA:41,5
DA:42,5
DA:43,5
DA:45,1
DA:46,5
DA:47,5
DA:48,5
DA:50,5
DA:51,2
DA:52,2
DA:54,2
DA:55,2
DA:57,2
DA:58,2
DA:59,2
DA:60,2
DA:61,5
DA:62,5
DA:63,5
DA:64,5
DA:65,5
DA:67,1
DA:68,5
DA:69,5
DA:70,5
DA:72,5
DA:73,5
DA:75,5
DA:76,2
DA:77,2
DA:79,2
DA:80,2
DA:82,2
DA:83,2
DA:85,2
DA:86,2
DA:87,2
DA:88,2
DA:89,5
DA:90,5
DA:91,5
DA:92,5
DA:93,5
DA:95,1
DA:96,1
DA:97,1
DA:99,1
DA:100,1
DA:101,1
DA:103,1
DA:104,6
DA:105,6
DA:106,1
DA:107,1
DA:108,6
DA:109,1
DA:110,1
DA:112,3
DA:113,3
DA:114,3
DA:115,3
DA:116,3
LF:96
LH:96
BRDA:4,0,0,11
BRDA:10,1,0,20
BRDA:12,2,0,3
BRDA:14,3,0,17
BRDA:18,4,0,17
BRDA:19,5,0,2
BRDA:27,6,0,5
BRDA:39,7,0,1
BRDA:45,8,0,5
BRDA:50,9,0,2
BRDA:67,10,0,5
BRDA:75,11,0,2
BRDA:95,12,0,1
BRDA:99,13,0,1
BRDA:103,14,0,6
BRDA:105,15,0,1
BRDA:107,16,0,4
BRDA:108,17,0,2
BRDA:108,18,0,1
BRDA:110,19,0,3
BRDA:114,20,0,4
BRDA:114,21,0,3
BRDA:115,22,0,1
BRF:23
BRH:23
end_of_record
